C:\USERS\ALEK\DOCUMENTS\PHD\BITBUCKET\DOCTORATE\CONJUNCTIONDETECTIONSERIAL\CONJUNCTIONDETECTION\RELEASE\VECTOROPERATIONS.OBJ
C:\USERS\ALEK\DOCUMENTS\PHD\BITBUCKET\DOCTORATE\CONJUNCTIONDETECTIONSERIAL\CONJUNCTIONDETECTION\RELEASE\SPACEOBJECT.OBJ
C:\USERS\ALEK\DOCUMENTS\PHD\BITBUCKET\DOCTORATE\CONJUNCTIONDETECTIONSERIAL\CONJUNCTIONDETECTION\RELEASE\SIMULATION.OBJ
C:\USERS\ALEK\DOCUMENTS\PHD\BITBUCKET\DOCTORATE\CONJUNCTIONDETECTIONSERIAL\CONJUNCTIONDETECTION\RELEASE\SGP4UNIT.OBJ
C:\USERS\ALEK\DOCUMENTS\PHD\BITBUCKET\DOCTORATE\CONJUNCTIONDETECTIONSERIAL\CONJUNCTIONDETECTION\RELEASE\SGP4EXT.OBJ
C:\USERS\ALEK\DOCUMENTS\PHD\BITBUCKET\DOCTORATE\CONJUNCTIONDETECTIONSERIAL\CONJUNCTIONDETECTION\RELEASE\MAIN.OBJ
C:\USERS\ALEK\DOCUMENTS\PHD\BITBUCKET\DOCTORATE\CONJUNCTIONDETECTIONSERIAL\CONJUNCTIONDETECTION\RELEASE\EXTERNALSPACEOBJECT.OBJ
C:\USERS\ALEK\DOCUMENTS\PHD\BITBUCKET\DOCTORATE\CONJUNCTIONDETECTIONSERIAL\CONJUNCTIONDETECTION\RELEASE\DSYEVV3.OBJ
C:\USERS\ALEK\DOCUMENTS\PHD\BITBUCKET\DOCTORATE\CONJUNCTIONDETECTIONSERIAL\CONJUNCTIONDETECTION\RELEASE\DSYEVC3.OBJ
C:\USERS\ALEK\DOCUMENTS\PHD\BITBUCKET\DOCTORATE\CONJUNCTIONDETECTIONSERIAL\CONJUNCTIONDETECTION\RELEASE\CONJUNCTION.OBJ
C:\USERS\ALEK\DOCUMENTS\PHD\BITBUCKET\DOCTORATE\CONJUNCTIONDETECTIONSERIAL\CONJUNCTIONDETECTION\RELEASE\VC110.PDB
C:\USERS\ALEK\DOCUMENTS\PHD\BITBUCKET\DOCTORATE\CONJUNCTIONDETECTIONSERIAL\RELEASE\CONJUNCTIONDETECTION.EXE
C:\USERS\ALEK\DOCUMENTS\PHD\BITBUCKET\DOCTORATE\CONJUNCTIONDETECTIONSERIAL\RELEASE\CONJUNCTIONDETECTION.PDB
C:\Users\Alek\Documents\PhD\BitBucket\Doctorate\conjunctionDetectionSerial\conjunctionDetection\Release\Conjunction.obj
C:\Users\Alek\Documents\PhD\BitBucket\Doctorate\conjunctionDetectionSerial\conjunctionDetection\Release\dsyevc3.obj
C:\Users\Alek\Documents\PhD\BitBucket\Doctorate\conjunctionDetectionSerial\conjunctionDetection\Release\dsyevv3.obj
C:\Users\Alek\Documents\PhD\BitBucket\Doctorate\conjunctionDetectionSerial\conjunctionDetection\Release\ExternalSpaceObject.obj
C:\Users\Alek\Documents\PhD\BitBucket\Doctorate\conjunctionDetectionSerial\conjunctionDetection\Release\main.obj
C:\Users\Alek\Documents\PhD\BitBucket\Doctorate\conjunctionDetectionSerial\conjunctionDetection\Release\sgp4ext.obj
C:\Users\Alek\Documents\PhD\BitBucket\Doctorate\conjunctionDetectionSerial\conjunctionDetection\Release\sgp4unit.obj
C:\Users\Alek\Documents\PhD\BitBucket\Doctorate\conjunctionDetectionSerial\conjunctionDetection\Release\Simulation.obj
C:\Users\Alek\Documents\PhD\BitBucket\Doctorate\conjunctionDetectionSerial\conjunctionDetection\Release\SpaceObject.obj
C:\Users\Alek\Documents\PhD\BitBucket\Doctorate\conjunctionDetectionSerial\conjunctionDetection\Release\VectorOperations.obj
C:\Users\Alek\Documents\PhD\BitBucket\Doctorate\conjunctionDetectionSerial\conjunctionDetection\Release\cl.command.1.tlog
C:\Users\Alek\Documents\PhD\BitBucket\Doctorate\conjunctionDetectionSerial\conjunctionDetection\Release\CL.read.1.tlog
C:\Users\Alek\Documents\PhD\BitBucket\Doctorate\conjunctionDetectionSerial\conjunctionDetection\Release\CL.write.1.tlog
C:\Users\Alek\Documents\PhD\BitBucket\Doctorate\conjunctionDetectionSerial\conjunctionDetection\Release\link-cvtres.read.1.tlog
C:\Users\Alek\Documents\PhD\BitBucket\Doctorate\conjunctionDetectionSerial\conjunctionDetection\Release\link-cvtres.write.1.tlog
C:\Users\Alek\Documents\PhD\BitBucket\Doctorate\conjunctionDetectionSerial\conjunctionDetection\Release\link-rc.read.1.tlog
C:\Users\Alek\Documents\PhD\BitBucket\Doctorate\conjunctionDetectionSerial\conjunctionDetection\Release\link-rc.write.1.tlog
C:\Users\Alek\Documents\PhD\BitBucket\Doctorate\conjunctionDetectionSerial\conjunctionDetection\Release\link.command.1.tlog
C:\Users\Alek\Documents\PhD\BitBucket\Doctorate\conjunctionDetectionSerial\conjunctionDetection\Release\link.read.1.tlog
C:\Users\Alek\Documents\PhD\BitBucket\Doctorate\conjunctionDetectionSerial\conjunctionDetection\Release\link.write.1.tlog
C:\Users\Alek\Documents\PhD\BitBucket\Doctorate\conjunctionDetectionSerial\conjunctionDetection\Release\vc110.pdb
C:\Users\Alek\Documents\PhD\BitBucket\Doctorate\conjunctionDetectionSerial\Release\conjunctionDetection.pdb
C:\Users\Alek\Documents\PhD\BitBucket\Doctorate\conjunctionDetectionSerial\Release\conjunctionDetection.exe
