FatalError when computing maximum collision probability for 27386 and 1981, ignoring the conjunction.
Pd:1.26762e-024,1.92169e-025;1.92169e-025,5.16846e-025 Collision radius:0.015975 R:-1.54792e-012,9.92617e-024 Maximum Pc greater than 1.0.
FatalError when computing maximum collision probability for 27386 and 19991, ignoring the conjunction.
Pd:9.76754e-025,-2.67791e-025;-2.67791e-025,5.78637e-025 Collision radius:0.015975 R:-1.30702e-012,5.29396e-023 Maximum Pc greater than 1.0.
FatalError when computing maximum collision probability for 27386 and 21931, ignoring the conjunction.
Pd:4.71708e-025,3.93112e-026;3.93112e-026,7.88697e-025 Collision radius:0.018384 R:-9.7003e-013,1.58819e-022 Maximum Pc greater than 1.0.
FatalError when computing maximum collision probability for 27386 and 22501, ignoring the conjunction.
Pd:9.19948e-019,-1.03161e-019;-1.03161e-019,2.23369e-018 Collision radius:0.015975 R:-1.35396e-009,0 Maximum Pc greater than 1.0.
FatalError when computing maximum collision probability for 27386 and 30772, ignoring the conjunction.
Pd:2.12463e-026,-8.82744e-027;-8.82744e-027,1.44663e-026 Collision radius:0.015975 R:-1.78238e-013,0 Maximum Pc greater than 1.0.
FatalError when computing maximum collision probability for 27386 and 31693, ignoring the conjunction.
Pd:1.23075e-024,1.74249e-025;1.74249e-025,3.67935e-025 Collision radius:0.015975 R:-1.51658e-012,2.64698e-023 Maximum Pc greater than 1.0.
FatalError when computing maximum collision probability for 27386 and 33694, ignoring the conjunction.
Pd:5.3219e-024,3.5399e-024;3.5399e-024,6.81898e-024 Collision radius:0.015975 R:-2.64184e-012,0 Maximum Pc greater than 1.0.
FatalError when computing maximum collision probability for 27386 and 33827, ignoring the conjunction.
Pd:3.04144e-022,-1.94994e-023;-1.94994e-023,9.74817e-022 Collision radius:0.015975 R:-2.46668e-011,-2.11758e-022 Maximum Pc greater than 1.0.
FatalError when computing maximum collision probability for 27386 and 34461, ignoring the conjunction.
Pd:6.39042e-023,1.24695e-023;1.24695e-023,9.00131e-023 Collision radius:0.015975 R:-1.11601e-011,7.27014e-027 Maximum Pc greater than 1.0.
FatalError when computing maximum collision probability for 27386 and 34539, ignoring the conjunction.
Pd:7.86668e-024,-2.32952e-025;-2.32952e-025,2.66441e-024 Collision radius:0.015975 R:-3.96447e-012,0 Maximum Pc greater than 1.0.
FatalError when computing maximum collision probability for 27386 and 34539, ignoring the conjunction.
Pd:7.58094e-026,1.20393e-026;1.20393e-026,2.46345e-026 Collision radius:0.015975 R:-3.74258e-013,2.01948e-028 Maximum Pc greater than 1.0.
FatalError when computing maximum collision probability for 27386 and 34632, ignoring the conjunction.
Pd:1.02422e-024,5.11211e-025;5.11211e-025,7.81827e-025 Collision radius:0.015975 R:-1.17561e-012,7.94093e-023 Maximum Pc greater than 1.0.
FatalError when computing maximum collision probability for 27386 and 34632, ignoring the conjunction.
Pd:3.33713e-025,1.31239e-025;1.31239e-025,3.22241e-025 Collision radius:0.015975 R:-7.49266e-013,3.30872e-024 Maximum Pc greater than 1.0.
FatalError when computing maximum collision probability for 27386 and 34923, ignoring the conjunction.
Pd:1.23664e-017,-3.68427e-018;-3.68427e-018,1.80135e-017 Collision radius:0.015975 R:-4.82304e-009,4.1359e-025 Maximum Pc greater than 1.0.
FatalError when computing maximum collision probability for 27386 and 34923, ignoring the conjunction.
Pd:3.15974e-017,2.38377e-018;2.38377e-018,7.94978e-017 Collision radius:0.015975 R:-7.94669e-009,-3.30872e-024 Maximum Pc greater than 1.0.
FatalError when computing maximum collision probability for 27386 and 34927, ignoring the conjunction.
Pd:8.26999e-024,4.49938e-024;4.49938e-024,1.29112e-023 Collision radius:0.015975 R:-3.664e-012,-4.03897e-028 Maximum Pc greater than 1.0.
FatalError when computing maximum collision probability for 27386 and 35206, ignoring the conjunction.
Pd:6.32646e-025,2.49898e-025;2.49898e-025,1.77444e-024 Collision radius:0.015975 R:-1.09397e-012,0 Maximum Pc greater than 1.0.
FatalError when computing maximum collision probability for 27386 and 35458, ignoring the conjunction.
Pd:4.00339e-025,7.15641e-026;7.15641e-026,1.78247e-025 Collision radius:0.015975 R:-8.62769e-013,0 Maximum Pc greater than 1.0.
FatalError when computing maximum collision probability for 27386 and 35458, ignoring the conjunction.
Pd:8.64713e-026,-2.57574e-026;-2.57574e-026,5.41217e-026 Collision radius:0.015975 R:-3.8556e-013,-4.03897e-028 Maximum Pc greater than 1.0.
FatalError when computing maximum collision probability for 27386 and 35790, ignoring the conjunction.
Pd:5.84661e-026,-4.75108e-027;-4.75108e-027,2.24217e-025 Collision radius:0.015975 R:-3.41925e-013,-3.15544e-030 Maximum Pc greater than 1.0.
FatalError when computing maximum collision probability for 27386 and 35994, ignoring the conjunction.
Pd:2.03023e-024,-7.80819e-025;-7.80819e-025,1.27066e-024 Collision radius:0.015975 R:-1.76229e-012,0 Maximum Pc greater than 1.0.
FatalError when computing maximum collision probability for 27386 and 37864, ignoring the conjunction.
Pd:4.78373e-025,2.20186e-025;2.20186e-025,4.14307e-025 Collision radius:0.015975 R:-8.50783e-013,0 Maximum Pc greater than 1.0.
FatalError when computing maximum collision probability for 27386 and 39245, ignoring the conjunction.
Pd:6.04824e-020,-5.77464e-021;-5.77464e-021,3.04509e-020 Collision radius:0.015975 R:-3.44905e-010,0 Maximum Pc greater than 1.0.
FatalError when computing maximum collision probability for 27386 and 39258, ignoring the conjunction.
Pd:2.16032e-024,-9.67709e-025;-9.67709e-025,1.87716e-024 Collision radius:0.015975 R:-1.8243e-012,6.20385e-025 Maximum Pc greater than 1.0.
FatalError when computing maximum collision probability for 27386 and 39258, ignoring the conjunction.
Pd:8.39587e-025,-5.91067e-025;-5.91067e-025,1.29274e-024 Collision radius:0.015975 R:-1.06792e-012,0 Maximum Pc greater than 1.0.
FatalError when computing maximum collision probability for 27386 and 39258, ignoring the conjunction.
Pd:1.70032e-024,-3.4098e-025;-3.4098e-025,1.00506e-024 Collision radius:0.015975 R:-1.78163e-012,-2.64698e-023 Maximum Pc greater than 1.0.
FatalError when computing maximum collision probability for 27386 and 39258, ignoring the conjunction.
Pd:3.24787e-024,8.72216e-025;8.72216e-025,1.4943e-024 Collision radius:0.015975 R:-2.34223e-012,0 Maximum Pc greater than 1.0.
