FatalError when computing maximum collision probability for 27386 and 1981, ignoring the conjunction.
Pd:1.19617e-24,-6.64006e-41;0,1.19617e-24 Collision radius:0.015975 R:-1.54792e-12,9.92617e-24 Maximum Pc greater than 1.0.
FatalError when computing maximum collision probability for 27386 and 1981, ignoring the conjunction.
Pd:2.58284e-25,1.43377e-41;2.15065e-41,2.58284e-25 Collision radius:0.015975 R:-7.19286e-13,-2.01948e-28 Maximum Pc greater than 1.0.
FatalError when computing maximum collision probability for 27386 and 1981, ignoring the conjunction.
Pd:9.19163e-25,1.27559e-40;-2.55119e-41,9.19163e-25 Collision radius:0.015975 R:-1.3569e-12,-2.01948e-28 Maximum Pc greater than 1.0.
FatalError when computing maximum collision probability for 27386 and 19991, ignoring the conjunction.
Pd:8.52822e-25,-9.46822e-41;-9.46822e-41,8.52822e-25 Collision radius:0.015975 R:-1.30702e-12,5.29396e-23 Maximum Pc greater than 1.0.
FatalError when computing maximum collision probability for 27386 and 21931, ignoring the conjunction.
Pd:4.69749e-25,1.95572e-41;1.95572e-41,4.69749e-25 Collision radius:0.018384 R:-9.7003e-13,1.58819e-22 Maximum Pc greater than 1.0.
FatalError when computing maximum collision probability for 27386 and 22501, ignoring the conjunction.
Pd:3.50858e-18,-2.19111e-34;-5.1126e-34,3.50858e-18 Collision radius:0.015975 R:-2.65105e-09,-2.06795e-25 Maximum Pc greater than 1.0.
FatalError when computing maximum collision probability for 27386 and 22501, ignoring the conjunction.
Pd:1.76372e-19,-9.79061e-36;9.79061e-36,1.76372e-19 Collision radius:0.015975 R:-5.94384e-10,-8.27181e-25 Maximum Pc greater than 1.0.
FatalError when computing maximum collision probability for 27386 and 22501, ignoring the conjunction.
Pd:1.95073e-18,1.89503e-34;2.16575e-34,1.95073e-18 Collision radius:0.015975 R:-1.97675e-09,4.1359e-25 Maximum Pc greater than 1.0.
FatalError when computing maximum collision probability for 27386 and 22501, ignoring the conjunction.
Pd:6.52277e-19,-6.33651e-35;-7.24173e-35,6.52277e-19 Collision radius:0.015975 R:-1.14306e-09,-3.55429e-26 Maximum Pc greater than 1.0.
FatalError when computing maximum collision probability for 27386 and 30772, ignoring the conjunction.
Pd:4.05724e-25,-2.25222e-41;-2.25222e-41,4.05724e-25 Collision radius:0.015975 R:-9.01505e-13,-1.58819e-22 Maximum Pc greater than 1.0.
FatalError when computing maximum collision probability for 27386 and 31572, ignoring the conjunction.
Pd:1.16573e-24,-9.79825e-41;-9.79272e-41,1.16573e-24 Collision radius:0.015975 R:-1.5281e-12,0 Maximum Pc greater than 1.0.
FatalError when computing maximum collision probability for 27386 and 31693, ignoring the conjunction.
Pd:1.14823e-24,-6.37395e-41;-3.18698e-41,1.14823e-24 Collision radius:0.015975 R:-1.51658e-12,2.64698e-23 Maximum Pc greater than 1.0.
FatalError when computing maximum collision probability for 27386 and 32328, ignoring the conjunction.
Pd:1.6198e-25,-6.74376e-42;-5.6198e-42,1.6198e-25 Collision radius:0.015975 R:-5.69617e-13,0 Maximum Pc greater than 1.0.
FatalError when computing maximum collision probability for 27386 and 32328, ignoring the conjunction.
Pd:4.32224e-25,-1.04971e-41;2.39933e-41,4.32224e-25 Collision radius:0.015975 R:-9.3048e-13,1.00974e-28 Maximum Pc greater than 1.0.
FatalError when computing maximum collision probability for 27386 and 33694, ignoring the conjunction.
Pd:4.44084e-24,-4.62218e-40;-9.5525e-40,4.44084e-24 Collision radius:0.015975 R:-2.98253e-12,-1.32349e-23 Maximum Pc greater than 1.0.
FatalError when computing maximum collision probability for 27386 and 33827, ignoring the conjunction.
Pd:9.36136e-26,1.29915e-41;1.55898e-41,9.36136e-26 Collision radius:0.015975 R:-4.33034e-13,0 Maximum Pc greater than 1.0.
FatalError when computing maximum collision probability for 27386 and 34461, ignoring the conjunction.
Pd:1.73728e-23,-4.82192e-40;4.82192e-40,1.73728e-23 Collision radius:0.015975 R:-5.89912e-12,9.69352e-27 Maximum Pc greater than 1.0.
FatalError when computing maximum collision probability for 27386 and 34461, ignoring the conjunction.
Pd:6.21768e-23,0;3.45151e-39,6.21768e-23 Collision radius:0.015975 R:-1.11601e-11,7.27014e-27 Maximum Pc greater than 1.0.
FatalError when computing maximum collision probability for 27386 and 34461, ignoring the conjunction.
Pd:8.68356e-22,-4.93332e-38;-4.13307e-38,8.68356e-22 Collision radius:0.015975 R:-4.17063e-11,3.23117e-27 Maximum Pc greater than 1.0.
FatalError when computing maximum collision probability for 27386 and 34461, ignoring the conjunction.
Pd:1.0759e-21,2.98624e-38;2.98624e-38,1.0759e-21 Collision radius:0.015975 R:-4.64237e-11,6.46235e-27 Maximum Pc greater than 1.0.
FatalError when computing maximum collision probability for 27386 and 34461, ignoring the conjunction.
Pd:1.00529e-23,1.39512e-40;1.39512e-40,1.00529e-23 Collision radius:0.015975 R:-4.48744e-12,-6.46235e-27 Maximum Pc greater than 1.0.
FatalError when computing maximum collision probability for 27386 and 34461, ignoring the conjunction.
Pd:3.21584e-23,5.24388e-39;5.35545e-39,3.21584e-23 Collision radius:0.015975 R:-8.02601e-12,0 Maximum Pc greater than 1.0.
FatalError when computing maximum collision probability for 27386 and 34539, ignoring the conjunction.
Pd:7.84632e-24,3.26669e-40;4.35558e-40,7.84632e-24 Collision radius:0.015975 R:-3.96447e-12,0 Maximum Pc greater than 1.0.
FatalError when computing maximum collision probability for 27386 and 34539, ignoring the conjunction.
Pd:2.97028e-25,-4.12209e-41;-3.91599e-41,2.97028e-25 Collision radius:0.015975 R:-7.7135e-13,5.29396e-23 Maximum Pc greater than 1.0.
FatalError when computing maximum collision probability for 27386 and 34632, ignoring the conjunction.
Pd:6.89958e-25,1.14901e-40;7.66008e-41,6.89958e-25 Collision radius:0.015975 R:-1.17561e-12,7.94093e-23 Maximum Pc greater than 1.0.
FatalError when computing maximum collision probability for 27386 and 34632, ignoring the conjunction.
Pd:2.80264e-25,-1.55578e-41;0,2.80264e-25 Collision radius:0.015975 R:-7.49266e-13,3.30872e-24 Maximum Pc greater than 1.0.
FatalError when computing maximum collision probability for 27386 and 34923, ignoring the conjunction.
Pd:2.77854e-17,-1.687e-33;1.928e-34,2.77854e-17 Collision radius:0.015975 R:-7.46038e-09,-4.1359e-25 Maximum Pc greater than 1.0.
FatalError when computing maximum collision probability for 27386 and 34923, ignoring the conjunction.
Pd:2.7765e-17,3.08254e-33;1.54127e-33,2.7765e-17 Collision radius:0.015975 R:-7.45764e-09,4.96308e-24 Maximum Pc greater than 1.0.
FatalError when computing maximum collision probability for 27386 and 34923, ignoring the conjunction.
Pd:3.17175e-17,0;1.76067e-33,3.17175e-17 Collision radius:0.015975 R:-7.97079e-09,-1.65436e-24 Maximum Pc greater than 1.0.
FatalError when computing maximum collision probability for 27386 and 34923, ignoring the conjunction.
Pd:7.17043e-20,0;1.99019e-36,7.17043e-20 Collision radius:0.015975 R:-3.78988e-10,1.32349e-23 Maximum Pc greater than 1.0.
FatalError when computing maximum collision probability for 27386 and 34923, ignoring the conjunction.
Pd:5.25159e-18,-1.27541e-34;-1.36651e-34,5.25159e-18 Collision radius:0.015975 R:-3.24338e-09,-1.47342e-24 Maximum Pc greater than 1.0.
FatalError when computing maximum collision probability for 27386 and 34923, ignoring the conjunction.
Pd:1.53746e-17,-2.56038e-33;-1.70692e-33,1.53746e-17 Collision radius:0.015975 R:-5.5495e-09,1.65436e-24 Maximum Pc greater than 1.0.
FatalError when computing maximum collision probability for 27386 and 34923, ignoring the conjunction.
Pd:4.10638e-18,-1.28222e-34;-2.2795e-34,4.10638e-18 Collision radius:0.015975 R:-2.86802e-09,8.27181e-25 Maximum Pc greater than 1.0.
FatalError when computing maximum collision probability for 27386 and 34923, ignoring the conjunction.
Pd:2.25897e-17,-4.70242e-34;-4.70242e-34,2.25897e-17 Collision radius:0.015975 R:-6.72678e-09,-1.65436e-24 Maximum Pc greater than 1.0.
FatalError when computing maximum collision probability for 27386 and 35206, ignoring the conjunction.
Pd:5.97452e-25,-4.97479e-41;-3.31653e-41,5.97452e-25 Collision radius:0.015975 R:-1.09397e-12,0 Maximum Pc greater than 1.0.
FatalError when computing maximum collision probability for 27386 and 35358, ignoring the conjunction.
Pd:1.12416e-24,-4.02209e-41;-3.53457e-41,1.12416e-24 Collision radius:0.015975 R:-1.5006e-12,1.00974e-28 Maximum Pc greater than 1.0.
FatalError when computing maximum collision probability for 27386 and 35458, ignoring the conjunction.
Pd:3.71607e-25,-3.09425e-41;-3.09425e-41,3.71607e-25 Collision radius:0.015975 R:-8.62769e-13,0 Maximum Pc greater than 1.0.
FatalError when computing maximum collision probability for 27386 and 37864, ignoring the conjunction.
Pd:3.61354e-25,-2.63276e-41;-3.25961e-41,3.61354e-25 Collision radius:0.015975 R:-8.50783e-13,0 Maximum Pc greater than 1.0.
FatalError when computing maximum collision probability for 27386 and 39245, ignoring the conjunction.
Pd:1.09385e-25,1.36622e-41;9.10813e-42,1.09385e-25 Collision radius:0.015975 R:-4.68092e-13,-3.30872e-24 Maximum Pc greater than 1.0.
FatalError when computing maximum collision probability for 27386 and 39258, ignoring the conjunction.
Pd:1.66145e-24,6.34075e-41;6.34075e-41,1.66145e-24 Collision radius:0.015975 R:-1.8243e-12,6.20385e-25 Maximum Pc greater than 1.0.
FatalError when computing maximum collision probability for 27386 and 39258, ignoring the conjunction.
Pd:1.58464e-24,-8.7965e-41;0,1.58464e-24 Collision radius:0.015975 R:-1.78163e-12,-2.64698e-23 Maximum Pc greater than 1.0.
FatalError when computing maximum collision probability for 27386 and 39258, ignoring the conjunction.
Pd:2.73876e-24,-1.52032e-40;-1.52032e-40,2.73876e-24 Collision radius:0.015975 R:-2.34223e-12,0 Maximum Pc greater than 1.0.
FatalError when computing maximum collision probability for 27386 and 39276, ignoring the conjunction.
Pd:1.7555e-24,9.74496e-41;0,1.7555e-24 Collision radius:0.015975 R:-1.87522e-12,1.32349e-23 Maximum Pc greater than 1.0.
